<?xml version="1.0" encoding="UTF-8"?>
<testsuite xmlns:xsi="http://www.w3.org/2001/XMLSchema-instance" xsi:noNamespaceSchemaLocation="https://maven.apache.org/surefire/maven-surefire-plugin/xsd/surefire-test-report.xsd" version="3.0.2" name="com.sk.skala.http_request_base.HttpRequestBaseApplicationTests" time="7.521" tests="1" errors="0" skipped="0" failures="0">
  <properties>
    <property name="java.specification.version" value="17"/>
    <property name="sun.jnu.encoding" value="ANSI_X3.4-1968"/>
    <property name="java.class.path" value="/home/a/skala/backend/java/http-request-base/target/test-classes:/home/a/skala/backend/java/http-request-base/target/classes:/home/a/.m2/repository/org/springframework/boot/spring-boot-starter-data-jpa/3.4.8/spring-boot-starter-data-jpa-3.4.8.jar:/home/a/.m2/repository/org/springframework/boot/spring-boot-starter/3.4.8/spring-boot-starter-3.4.8.jar:/home/a/.m2/repository/org/springframework/boot/spring-boot/3.4.8/spring-boot-3.4.8.jar:/home/a/.m2/repository/org/springframework/boot/spring-boot-autoconfigure/3.4.8/spring-boot-autoconfigure-3.4.8.jar:/home/a/.m2/repository/org/springframework/boot/spring-boot-starter-logging/3.4.8/spring-boot-starter-logging-3.4.8.jar:/home/a/.m2/repository/ch/qos/logback/logback-classic/1.5.18/logback-classic-1.5.18.jar:/home/a/.m2/repository/ch/qos/logback/logback-core/1.5.18/logback-core-1.5.18.jar:/home/a/.m2/repository/org/apache/logging/log4j/log4j-to-slf4j/2.24.3/log4j-to-slf4j-2.24.3.jar:/home/a/.m2/repository/org/apache/logging/log4j/log4j-api/2.24.3/log4j-api-2.24.3.jar:/home/a/.m2/repository/org/slf4j/jul-to-slf4j/2.0.17/jul-to-slf4j-2.0.17.jar:/home/a/.m2/repository/jakarta/annotation/jakarta.annotation-api/2.1.1/jakarta.annotation-api-2.1.1.jar:/home/a/.m2/repository/org/yaml/snakeyaml/2.3/snakeyaml-2.3.jar:/home/a/.m2/repository/org/springframework/boot/spring-boot-starter-jdbc/3.4.8/spring-boot-starter-jdbc-3.4.8.jar:/home/a/.m2/repository/com/zaxxer/HikariCP/5.1.0/HikariCP-5.1.0.jar:/home/a/.m2/repository/org/springframework/spring-jdbc/6.2.9/spring-jdbc-6.2.9.jar:/home/a/.m2/repository/org/hibernate/orm/hibernate-core/6.6.22.Final/hibernate-core-6.6.22.Final.jar:/home/a/.m2/repository/jakarta/persistence/jakarta.persistence-api/3.1.0/jakarta.persistence-api-3.1.0.jar:/home/a/.m2/repository/jakarta/transaction/jakarta.transaction-api/2.0.1/jakarta.transaction-api-2.0.1.jar:/home/a/.m2/repository/org/jboss/logging/jboss-logging/3.6.1.Final/jboss-logging-3.6.1.Final.jar:/home/a/.m2/repository/org/hibernate/common/hibernate-commons-annotations/7.0.3.Final/hibernate-commons-annotations-7.0.3.Final.jar:/home/a/.m2/repository/io/smallrye/jandex/3.2.0/jandex-3.2.0.jar:/home/a/.m2/repository/com/fasterxml/classmate/1.7.0/classmate-1.7.0.jar:/home/a/.m2/repository/net/bytebuddy/byte-buddy/1.15.11/byte-buddy-1.15.11.jar:/home/a/.m2/repository/org/glassfish/jaxb/jaxb-runtime/4.0.5/jaxb-runtime-4.0.5.jar:/home/a/.m2/repository/org/glassfish/jaxb/jaxb-core/4.0.5/jaxb-core-4.0.5.jar:/home/a/.m2/repository/org/eclipse/angus/angus-activation/2.0.2/angus-activation-2.0.2.jar:/home/a/.m2/repository/org/glassfish/jaxb/txw2/4.0.5/txw2-4.0.5.jar:/home/a/.m2/repository/com/sun/istack/istack-commons-runtime/4.1.2/istack-commons-runtime-4.1.2.jar:/home/a/.m2/repository/jakarta/inject/jakarta.inject-api/2.0.1/jakarta.inject-api-2.0.1.jar:/home/a/.m2/repository/org/antlr/antlr4-runtime/4.13.0/antlr4-runtime-4.13.0.jar:/home/a/.m2/repository/org/springframework/data/spring-data-jpa/3.4.8/spring-data-jpa-3.4.8.jar:/home/a/.m2/repository/org/springframework/data/spring-data-commons/3.4.8/spring-data-commons-3.4.8.jar:/home/a/.m2/repository/org/springframework/spring-orm/6.2.9/spring-orm-6.2.9.jar:/home/a/.m2/repository/org/springframework/spring-context/6.2.9/spring-context-6.2.9.jar:/home/a/.m2/repository/org/springframework/spring-aop/6.2.9/spring-aop-6.2.9.jar:/home/a/.m2/repository/org/springframework/spring-tx/6.2.9/spring-tx-6.2.9.jar:/home/a/.m2/repository/org/springframework/spring-beans/6.2.9/spring-beans-6.2.9.jar:/home/a/.m2/repository/org/slf4j/slf4j-api/2.0.17/slf4j-api-2.0.17.jar:/home/a/.m2/repository/org/springframework/spring-aspects/6.2.9/spring-aspects-6.2.9.jar:/home/a/.m2/repository/org/aspectj/aspectjweaver/1.9.24/aspectjweaver-1.9.24.jar:/home/a/.m2/repository/org/springframework/boot/spring-boot-starter-web/3.4.8/spring-boot-starter-web-3.4.8.jar:/home/a/.m2/repository/org/springframework/boot/spring-boot-starter-json/3.4.8/spring-boot-starter-json-3.4.8.jar:/home/a/.m2/repository/com/fasterxml/jackson/core/jackson-databind/2.18.4/jackson-databind-2.18.4.jar:/home/a/.m2/repository/com/fasterxml/jackson/core/jackson-annotations/2.18.4/jackson-annotations-2.18.4.jar:/home/a/.m2/repository/com/fasterxml/jackson/core/jackson-core/2.18.4.1/jackson-core-2.18.4.1.jar:/home/a/.m2/repository/com/fasterxml/jackson/datatype/jackson-datatype-jdk8/2.18.4/jackson-datatype-jdk8-2.18.4.jar:/home/a/.m2/repository/com/fasterxml/jackson/datatype/jackson-datatype-jsr310/2.18.4/jackson-datatype-jsr310-2.18.4.jar:/home/a/.m2/repository/com/fasterxml/jackson/module/jackson-module-parameter-names/2.18.4/jackson-module-parameter-names-2.18.4.jar:/home/a/.m2/repository/org/springframework/boot/spring-boot-starter-tomcat/3.4.8/spring-boot-starter-tomcat-3.4.8.jar:/home/a/.m2/repository/org/apache/tomcat/embed/tomcat-embed-core/10.1.43/tomcat-embed-core-10.1.43.jar:/home/a/.m2/repository/org/apache/tomcat/embed/tomcat-embed-websocket/10.1.43/tomcat-embed-websocket-10.1.43.jar:/home/a/.m2/repository/org/springframework/spring-web/6.2.9/spring-web-6.2.9.jar:/home/a/.m2/repository/org/springframework/spring-webmvc/6.2.9/spring-webmvc-6.2.9.jar:/home/a/.m2/repository/org/springframework/spring-expression/6.2.9/spring-expression-6.2.9.jar:/home/a/.m2/repository/org/springdoc/springdoc-openapi-starter-webmvc-ui/2.1.0/springdoc-openapi-starter-webmvc-ui-2.1.0.jar:/home/a/.m2/repository/org/springdoc/springdoc-openapi-starter-webmvc-api/2.1.0/springdoc-openapi-starter-webmvc-api-2.1.0.jar:/home/a/.m2/repository/org/springdoc/springdoc-openapi-starter-common/2.1.0/springdoc-openapi-starter-common-2.1.0.jar:/home/a/.m2/repository/io/swagger/core/v3/swagger-core-jakarta/2.2.9/swagger-core-jakarta-2.2.9.jar:/home/a/.m2/repository/org/apache/commons/commons-lang3/3.17.0/commons-lang3-3.17.0.jar:/home/a/.m2/repository/io/swagger/core/v3/swagger-annotations-jakarta/2.2.9/swagger-annotations-jakarta-2.2.9.jar:/home/a/.m2/repository/io/swagger/core/v3/swagger-models-jakarta/2.2.9/swagger-models-jakarta-2.2.9.jar:/home/a/.m2/repository/com/fasterxml/jackson/dataformat/jackson-dataformat-yaml/2.18.4/jackson-dataformat-yaml-2.18.4.jar:/home/a/.m2/repository/org/webjars/swagger-ui/4.18.2/swagger-ui-4.18.2.jar:/home/a/.m2/repository/org/springframework/boot/spring-boot-starter-actuator/3.4.8/spring-boot-starter-actuator-3.4.8.jar:/home/a/.m2/repository/org/springframework/boot/spring-boot-actuator-autoconfigure/3.4.8/spring-boot-actuator-autoconfigure-3.4.8.jar:/home/a/.m2/repository/org/springframework/boot/spring-boot-actuator/3.4.8/spring-boot-actuator-3.4.8.jar:/home/a/.m2/repository/io/micrometer/micrometer-observation/1.14.9/micrometer-observation-1.14.9.jar:/home/a/.m2/repository/io/micrometer/micrometer-commons/1.14.9/micrometer-commons-1.14.9.jar:/home/a/.m2/repository/io/micrometer/micrometer-jakarta9/1.14.9/micrometer-jakarta9-1.14.9.jar:/home/a/.m2/repository/io/micrometer/micrometer-core/1.14.9/micrometer-core-1.14.9.jar:/home/a/.m2/repository/org/hdrhistogram/HdrHistogram/2.2.2/HdrHistogram-2.2.2.jar:/home/a/.m2/repository/org/latencyutils/LatencyUtils/2.0.3/LatencyUtils-2.0.3.jar:/home/a/.m2/repository/com/h2database/h2/2.3.232/h2-2.3.232.jar:/home/a/.m2/repository/org/springframework/boot/spring-boot-configuration-processor/3.4.8/spring-boot-configuration-processor-3.4.8.jar:/home/a/.m2/repository/org/projectlombok/lombok/1.18.38/lombok-1.18.38.jar:/home/a/.m2/repository/org/springframework/boot/spring-boot-starter-test/3.4.8/spring-boot-starter-test-3.4.8.jar:/home/a/.m2/repository/org/springframework/boot/spring-boot-test/3.4.8/spring-boot-test-3.4.8.jar:/home/a/.m2/repository/org/springframework/boot/spring-boot-test-autoconfigure/3.4.8/spring-boot-test-autoconfigure-3.4.8.jar:/home/a/.m2/repository/com/jayway/jsonpath/json-path/2.9.0/json-path-2.9.0.jar:/home/a/.m2/repository/jakarta/xml/bind/jakarta.xml.bind-api/4.0.2/jakarta.xml.bind-api-4.0.2.jar:/home/a/.m2/repository/jakarta/activation/jakarta.activation-api/2.1.3/jakarta.activation-api-2.1.3.jar:/home/a/.m2/repository/net/minidev/json-smart/2.5.2/json-smart-2.5.2.jar:/home/a/.m2/repository/net/minidev/accessors-smart/2.5.2/accessors-smart-2.5.2.jar:/home/a/.m2/repository/org/ow2/asm/asm/9.7.1/asm-9.7.1.jar:/home/a/.m2/repository/org/assertj/assertj-core/3.26.3/assertj-core-3.26.3.jar:/home/a/.m2/repository/org/awaitility/awaitility/4.2.2/awaitility-4.2.2.jar:/home/a/.m2/repository/org/hamcrest/hamcrest/2.2/hamcrest-2.2.jar:/home/a/.m2/repository/org/junit/jupiter/junit-jupiter/5.11.4/junit-jupiter-5.11.4.jar:/home/a/.m2/repository/org/junit/jupiter/junit-jupiter-api/5.11.4/junit-jupiter-api-5.11.4.jar:/home/a/.m2/repository/org/opentest4j/opentest4j/1.3.0/opentest4j-1.3.0.jar:/home/a/.m2/repository/org/junit/platform/junit-platform-commons/1.11.4/junit-platform-commons-1.11.4.jar:/home/a/.m2/repository/org/apiguardian/apiguardian-api/1.1.2/apiguardian-api-1.1.2.jar:/home/a/.m2/repository/org/junit/jupiter/junit-jupiter-params/5.11.4/junit-jupiter-params-5.11.4.jar:/home/a/.m2/repository/org/junit/jupiter/junit-jupiter-engine/5.11.4/junit-jupiter-engine-5.11.4.jar:/home/a/.m2/repository/org/junit/platform/junit-platform-engine/1.11.4/junit-platform-engine-1.11.4.jar:/home/a/.m2/repository/org/mockito/mockito-core/5.14.2/mockito-core-5.14.2.jar:/home/a/.m2/repository/net/bytebuddy/byte-buddy-agent/1.15.11/byte-buddy-agent-1.15.11.jar:/home/a/.m2/repository/org/objenesis/objenesis/3.3/objenesis-3.3.jar:/home/a/.m2/repository/org/mockito/mockito-junit-jupiter/5.14.2/mockito-junit-jupiter-5.14.2.jar:/home/a/.m2/repository/org/skyscreamer/jsonassert/1.5.3/jsonassert-1.5.3.jar:/home/a/.m2/repository/com/vaadin/external/google/android-json/0.0.20131108.vaadin1/android-json-0.0.20131108.vaadin1.jar:/home/a/.m2/repository/org/springframework/spring-core/6.2.9/spring-core-6.2.9.jar:/home/a/.m2/repository/org/springframework/spring-jcl/6.2.9/spring-jcl-6.2.9.jar:/home/a/.m2/repository/org/springframework/spring-test/6.2.9/spring-test-6.2.9.jar:/home/a/.m2/repository/org/xmlunit/xmlunit-core/2.10.3/xmlunit-core-2.10.3.jar:/home/a/.m2/repository/org/springframework/boot/spring-boot-starter-validation/3.4.8/spring-boot-starter-validation-3.4.8.jar:/home/a/.m2/repository/org/apache/tomcat/embed/tomcat-embed-el/10.1.43/tomcat-embed-el-10.1.43.jar:/home/a/.m2/repository/org/hibernate/validator/hibernate-validator/8.0.2.Final/hibernate-validator-8.0.2.Final.jar:/home/a/.m2/repository/jakarta/validation/jakarta.validation-api/3.0.2/jakarta.validation-api-3.0.2.jar:"/>
    <property name="java.vm.vendor" value="Ubuntu"/>
    <property name="sun.arch.data.model" value="64"/>
    <property name="java.vendor.url" value="https://ubuntu.com/"/>
    <property name="user.timezone" value="Asia/Seoul"/>
    <property name="org.jboss.logging.provider" value="slf4j"/>
    <property name="os.name" value="Linux"/>
    <property name="java.vm.specification.version" value="17"/>
    <property name="APPLICATION_NAME" value="http-request-base"/>
    <property name="sun.java.launcher" value="SUN_STANDARD"/>
    <property name="user.country" value="US"/>
    <property name="sun.boot.library.path" value="/usr/lib/jvm/java-17-openjdk-amd64/lib"/>
    <property name="sun.java.command" value="/home/a/skala/backend/java/http-request-base/target/surefire/surefirebooter-20250826153652193_3.jar /home/a/skala/backend/java/http-request-base/target/surefire 2025-08-26T15-36-52_101-jvmRun1 surefire-20250826153652193_1tmp surefire_0-20250826153652193_2tmp"/>
    <property name="jdk.debug" value="release"/>
    <property name="surefire.test.class.path" value="/home/a/skala/backend/java/http-request-base/target/test-classes:/home/a/skala/backend/java/http-request-base/target/classes:/home/a/.m2/repository/org/springframework/boot/spring-boot-starter-data-jpa/3.4.8/spring-boot-starter-data-jpa-3.4.8.jar:/home/a/.m2/repository/org/springframework/boot/spring-boot-starter/3.4.8/spring-boot-starter-3.4.8.jar:/home/a/.m2/repository/org/springframework/boot/spring-boot/3.4.8/spring-boot-3.4.8.jar:/home/a/.m2/repository/org/springframework/boot/spring-boot-autoconfigure/3.4.8/spring-boot-autoconfigure-3.4.8.jar:/home/a/.m2/repository/org/springframework/boot/spring-boot-starter-logging/3.4.8/spring-boot-starter-logging-3.4.8.jar:/home/a/.m2/repository/ch/qos/logback/logback-classic/1.5.18/logback-classic-1.5.18.jar:/home/a/.m2/repository/ch/qos/logback/logback-core/1.5.18/logback-core-1.5.18.jar:/home/a/.m2/repository/org/apache/logging/log4j/log4j-to-slf4j/2.24.3/log4j-to-slf4j-2.24.3.jar:/home/a/.m2/repository/org/apache/logging/log4j/log4j-api/2.24.3/log4j-api-2.24.3.jar:/home/a/.m2/repository/org/slf4j/jul-to-slf4j/2.0.17/jul-to-slf4j-2.0.17.jar:/home/a/.m2/repository/jakarta/annotation/jakarta.annotation-api/2.1.1/jakarta.annotation-api-2.1.1.jar:/home/a/.m2/repository/org/yaml/snakeyaml/2.3/snakeyaml-2.3.jar:/home/a/.m2/repository/org/springframework/boot/spring-boot-starter-jdbc/3.4.8/spring-boot-starter-jdbc-3.4.8.jar:/home/a/.m2/repository/com/zaxxer/HikariCP/5.1.0/HikariCP-5.1.0.jar:/home/a/.m2/repository/org/springframework/spring-jdbc/6.2.9/spring-jdbc-6.2.9.jar:/home/a/.m2/repository/org/hibernate/orm/hibernate-core/6.6.22.Final/hibernate-core-6.6.22.Final.jar:/home/a/.m2/repository/jakarta/persistence/jakarta.persistence-api/3.1.0/jakarta.persistence-api-3.1.0.jar:/home/a/.m2/repository/jakarta/transaction/jakarta.transaction-api/2.0.1/jakarta.transaction-api-2.0.1.jar:/home/a/.m2/repository/org/jboss/logging/jboss-logging/3.6.1.Final/jboss-logging-3.6.1.Final.jar:/home/a/.m2/repository/org/hibernate/common/hibernate-commons-annotations/7.0.3.Final/hibernate-commons-annotations-7.0.3.Final.jar:/home/a/.m2/repository/io/smallrye/jandex/3.2.0/jandex-3.2.0.jar:/home/a/.m2/repository/com/fasterxml/classmate/1.7.0/classmate-1.7.0.jar:/home/a/.m2/repository/net/bytebuddy/byte-buddy/1.15.11/byte-buddy-1.15.11.jar:/home/a/.m2/repository/org/glassfish/jaxb/jaxb-runtime/4.0.5/jaxb-runtime-4.0.5.jar:/home/a/.m2/repository/org/glassfish/jaxb/jaxb-core/4.0.5/jaxb-core-4.0.5.jar:/home/a/.m2/repository/org/eclipse/angus/angus-activation/2.0.2/angus-activation-2.0.2.jar:/home/a/.m2/repository/org/glassfish/jaxb/txw2/4.0.5/txw2-4.0.5.jar:/home/a/.m2/repository/com/sun/istack/istack-commons-runtime/4.1.2/istack-commons-runtime-4.1.2.jar:/home/a/.m2/repository/jakarta/inject/jakarta.inject-api/2.0.1/jakarta.inject-api-2.0.1.jar:/home/a/.m2/repository/org/antlr/antlr4-runtime/4.13.0/antlr4-runtime-4.13.0.jar:/home/a/.m2/repository/org/springframework/data/spring-data-jpa/3.4.8/spring-data-jpa-3.4.8.jar:/home/a/.m2/repository/org/springframework/data/spring-data-commons/3.4.8/spring-data-commons-3.4.8.jar:/home/a/.m2/repository/org/springframework/spring-orm/6.2.9/spring-orm-6.2.9.jar:/home/a/.m2/repository/org/springframework/spring-context/6.2.9/spring-context-6.2.9.jar:/home/a/.m2/repository/org/springframework/spring-aop/6.2.9/spring-aop-6.2.9.jar:/home/a/.m2/repository/org/springframework/spring-tx/6.2.9/spring-tx-6.2.9.jar:/home/a/.m2/repository/org/springframework/spring-beans/6.2.9/spring-beans-6.2.9.jar:/home/a/.m2/repository/org/slf4j/slf4j-api/2.0.17/slf4j-api-2.0.17.jar:/home/a/.m2/repository/org/springframework/spring-aspects/6.2.9/spring-aspects-6.2.9.jar:/home/a/.m2/repository/org/aspectj/aspectjweaver/1.9.24/aspectjweaver-1.9.24.jar:/home/a/.m2/repository/org/springframework/boot/spring-boot-starter-web/3.4.8/spring-boot-starter-web-3.4.8.jar:/home/a/.m2/repository/org/springframework/boot/spring-boot-starter-json/3.4.8/spring-boot-starter-json-3.4.8.jar:/home/a/.m2/repository/com/fasterxml/jackson/core/jackson-databind/2.18.4/jackson-databind-2.18.4.jar:/home/a/.m2/repository/com/fasterxml/jackson/core/jackson-annotations/2.18.4/jackson-annotations-2.18.4.jar:/home/a/.m2/repository/com/fasterxml/jackson/core/jackson-core/2.18.4.1/jackson-core-2.18.4.1.jar:/home/a/.m2/repository/com/fasterxml/jackson/datatype/jackson-datatype-jdk8/2.18.4/jackson-datatype-jdk8-2.18.4.jar:/home/a/.m2/repository/com/fasterxml/jackson/datatype/jackson-datatype-jsr310/2.18.4/jackson-datatype-jsr310-2.18.4.jar:/home/a/.m2/repository/com/fasterxml/jackson/module/jackson-module-parameter-names/2.18.4/jackson-module-parameter-names-2.18.4.jar:/home/a/.m2/repository/org/springframework/boot/spring-boot-starter-tomcat/3.4.8/spring-boot-starter-tomcat-3.4.8.jar:/home/a/.m2/repository/org/apache/tomcat/embed/tomcat-embed-core/10.1.43/tomcat-embed-core-10.1.43.jar:/home/a/.m2/repository/org/apache/tomcat/embed/tomcat-embed-websocket/10.1.43/tomcat-embed-websocket-10.1.43.jar:/home/a/.m2/repository/org/springframework/spring-web/6.2.9/spring-web-6.2.9.jar:/home/a/.m2/repository/org/springframework/spring-webmvc/6.2.9/spring-webmvc-6.2.9.jar:/home/a/.m2/repository/org/springframework/spring-expression/6.2.9/spring-expression-6.2.9.jar:/home/a/.m2/repository/org/springdoc/springdoc-openapi-starter-webmvc-ui/2.1.0/springdoc-openapi-starter-webmvc-ui-2.1.0.jar:/home/a/.m2/repository/org/springdoc/springdoc-openapi-starter-webmvc-api/2.1.0/springdoc-openapi-starter-webmvc-api-2.1.0.jar:/home/a/.m2/repository/org/springdoc/springdoc-openapi-starter-common/2.1.0/springdoc-openapi-starter-common-2.1.0.jar:/home/a/.m2/repository/io/swagger/core/v3/swagger-core-jakarta/2.2.9/swagger-core-jakarta-2.2.9.jar:/home/a/.m2/repository/org/apache/commons/commons-lang3/3.17.0/commons-lang3-3.17.0.jar:/home/a/.m2/repository/io/swagger/core/v3/swagger-annotations-jakarta/2.2.9/swagger-annotations-jakarta-2.2.9.jar:/home/a/.m2/repository/io/swagger/core/v3/swagger-models-jakarta/2.2.9/swagger-models-jakarta-2.2.9.jar:/home/a/.m2/repository/com/fasterxml/jackson/dataformat/jackson-dataformat-yaml/2.18.4/jackson-dataformat-yaml-2.18.4.jar:/home/a/.m2/repository/org/webjars/swagger-ui/4.18.2/swagger-ui-4.18.2.jar:/home/a/.m2/repository/org/springframework/boot/spring-boot-starter-actuator/3.4.8/spring-boot-starter-actuator-3.4.8.jar:/home/a/.m2/repository/org/springframework/boot/spring-boot-actuator-autoconfigure/3.4.8/spring-boot-actuator-autoconfigure-3.4.8.jar:/home/a/.m2/repository/org/springframework/boot/spring-boot-actuator/3.4.8/spring-boot-actuator-3.4.8.jar:/home/a/.m2/repository/io/micrometer/micrometer-observation/1.14.9/micrometer-observation-1.14.9.jar:/home/a/.m2/repository/io/micrometer/micrometer-commons/1.14.9/micrometer-commons-1.14.9.jar:/home/a/.m2/repository/io/micrometer/micrometer-jakarta9/1.14.9/micrometer-jakarta9-1.14.9.jar:/home/a/.m2/repository/io/micrometer/micrometer-core/1.14.9/micrometer-core-1.14.9.jar:/home/a/.m2/repository/org/hdrhistogram/HdrHistogram/2.2.2/HdrHistogram-2.2.2.jar:/home/a/.m2/repository/org/latencyutils/LatencyUtils/2.0.3/LatencyUtils-2.0.3.jar:/home/a/.m2/repository/com/h2database/h2/2.3.232/h2-2.3.232.jar:/home/a/.m2/repository/org/springframework/boot/spring-boot-configuration-processor/3.4.8/spring-boot-configuration-processor-3.4.8.jar:/home/a/.m2/repository/org/projectlombok/lombok/1.18.38/lombok-1.18.38.jar:/home/a/.m2/repository/org/springframework/boot/spring-boot-starter-test/3.4.8/spring-boot-starter-test-3.4.8.jar:/home/a/.m2/repository/org/springframework/boot/spring-boot-test/3.4.8/spring-boot-test-3.4.8.jar:/home/a/.m2/repository/org/springframework/boot/spring-boot-test-autoconfigure/3.4.8/spring-boot-test-autoconfigure-3.4.8.jar:/home/a/.m2/repository/com/jayway/jsonpath/json-path/2.9.0/json-path-2.9.0.jar:/home/a/.m2/repository/jakarta/xml/bind/jakarta.xml.bind-api/4.0.2/jakarta.xml.bind-api-4.0.2.jar:/home/a/.m2/repository/jakarta/activation/jakarta.activation-api/2.1.3/jakarta.activation-api-2.1.3.jar:/home/a/.m2/repository/net/minidev/json-smart/2.5.2/json-smart-2.5.2.jar:/home/a/.m2/repository/net/minidev/accessors-smart/2.5.2/accessors-smart-2.5.2.jar:/home/a/.m2/repository/org/ow2/asm/asm/9.7.1/asm-9.7.1.jar:/home/a/.m2/repository/org/assertj/assertj-core/3.26.3/assertj-core-3.26.3.jar:/home/a/.m2/repository/org/awaitility/awaitility/4.2.2/awaitility-4.2.2.jar:/home/a/.m2/repository/org/hamcrest/hamcrest/2.2/hamcrest-2.2.jar:/home/a/.m2/repository/org/junit/jupiter/junit-jupiter/5.11.4/junit-jupiter-5.11.4.jar:/home/a/.m2/repository/org/junit/jupiter/junit-jupiter-api/5.11.4/junit-jupiter-api-5.11.4.jar:/home/a/.m2/repository/org/opentest4j/opentest4j/1.3.0/opentest4j-1.3.0.jar:/home/a/.m2/repository/org/junit/platform/junit-platform-commons/1.11.4/junit-platform-commons-1.11.4.jar:/home/a/.m2/repository/org/apiguardian/apiguardian-api/1.1.2/apiguardian-api-1.1.2.jar:/home/a/.m2/repository/org/junit/jupiter/junit-jupiter-params/5.11.4/junit-jupiter-params-5.11.4.jar:/home/a/.m2/repository/org/junit/jupiter/junit-jupiter-engine/5.11.4/junit-jupiter-engine-5.11.4.jar:/home/a/.m2/repository/org/junit/platform/junit-platform-engine/1.11.4/junit-platform-engine-1.11.4.jar:/home/a/.m2/repository/org/mockito/mockito-core/5.14.2/mockito-core-5.14.2.jar:/home/a/.m2/repository/net/bytebuddy/byte-buddy-agent/1.15.11/byte-buddy-agent-1.15.11.jar:/home/a/.m2/repository/org/objenesis/objenesis/3.3/objenesis-3.3.jar:/home/a/.m2/repository/org/mockito/mockito-junit-jupiter/5.14.2/mockito-junit-jupiter-5.14.2.jar:/home/a/.m2/repository/org/skyscreamer/jsonassert/1.5.3/jsonassert-1.5.3.jar:/home/a/.m2/repository/com/vaadin/external/google/android-json/0.0.20131108.vaadin1/android-json-0.0.20131108.vaadin1.jar:/home/a/.m2/repository/org/springframework/spring-core/6.2.9/spring-core-6.2.9.jar:/home/a/.m2/repository/org/springframework/spring-jcl/6.2.9/spring-jcl-6.2.9.jar:/home/a/.m2/repository/org/springframework/spring-test/6.2.9/spring-test-6.2.9.jar:/home/a/.m2/repository/org/xmlunit/xmlunit-core/2.10.3/xmlunit-core-2.10.3.jar:/home/a/.m2/repository/org/springframework/boot/spring-boot-starter-validation/3.4.8/spring-boot-starter-validation-3.4.8.jar:/home/a/.m2/repository/org/apache/tomcat/embed/tomcat-embed-el/10.1.43/tomcat-embed-el-10.1.43.jar:/home/a/.m2/repository/org/hibernate/validator/hibernate-validator/8.0.2.Final/hibernate-validator-8.0.2.Final.jar:/home/a/.m2/repository/jakarta/validation/jakarta.validation-api/3.0.2/jakarta.validation-api-3.0.2.jar:"/>
    <property name="sun.cpu.endian" value="little"/>
    <property name="user.home" value="/home/a"/>
    <property name="user.language" value="en"/>
    <property name="java.specification.vendor" value="Oracle Corporation"/>
    <property name="java.version.date" value="2025-07-15"/>
    <property name="java.home" value="/usr/lib/jvm/java-17-openjdk-amd64"/>
    <property name="file.separator" value="/"/>
    <property name="basedir" value="/home/a/skala/backend/java/http-request-base"/>
    <property name="java.vm.compressedOopsMode" value="32-bit"/>
    <property name="line.separator" value="&#10;"/>
    <property name="java.specification.name" value="Java Platform API Specification"/>
    <property name="java.vm.specification.vendor" value="Oracle Corporation"/>
    <property name="FILE_LOG_CHARSET" value="US-ASCII"/>
    <property name="java.awt.headless" value="true"/>
    <property name="surefire.real.class.path" value="/home/a/skala/backend/java/http-request-base/target/surefire/surefirebooter-20250826153652193_3.jar"/>
    <property name="sun.management.compiler" value="HotSpot 64-Bit Tiered Compilers"/>
    <property name="java.runtime.version" value="17.0.16+8-Ubuntu-0ubuntu124.04.1"/>
    <property name="user.name" value="a"/>
    <property name="path.separator" value=":"/>
    <property name="os.version" value="6.6.87.2-microsoft-standard-WSL2"/>
    <property name="java.runtime.name" value="OpenJDK Runtime Environment"/>
    <property name="file.encoding" value="ANSI_X3.4-1968"/>
    <property name="java.vm.name" value="OpenJDK 64-Bit Server VM"/>
    <property name="localRepository" value="/home/a/.m2/repository"/>
    <property name="java.vendor.url.bug" value="https://bugs.launchpad.net/ubuntu/+source/openjdk-17"/>
    <property name="java.io.tmpdir" value="/tmp"/>
    <property name="com.zaxxer.hikari.pool_number" value="1"/>
    <property name="java.version" value="17.0.16"/>
    <property name="user.dir" value="/home/a/skala/backend/java/http-request-base"/>
    <property name="os.arch" value="amd64"/>
    <property name="java.vm.specification.name" value="Java Virtual Machine Specification"/>
    <property name="PID" value="32408"/>
    <property name="CONSOLE_LOG_CHARSET" value="US-ASCII"/>
    <property name="native.encoding" value="ANSI_X3.4-1968"/>
    <property name="java.library.path" value="/home/a/lib:/home/a/usr/lib:/home/a/lib:/home/a/usr/lib::/usr/java/packages/lib:/usr/lib/x86_64-linux-gnu/jni:/lib/x86_64-linux-gnu:/usr/lib/x86_64-linux-gnu:/usr/lib/jni:/lib:/usr/lib"/>
    <property name="java.vm.info" value="mixed mode, sharing"/>
    <property name="java.vendor" value="Ubuntu"/>
    <property name="java.vm.version" value="17.0.16+8-Ubuntu-0ubuntu124.04.1"/>
    <property name="java.specification.maintenance.version" value="1"/>
    <property name="sun.io.unicode.encoding" value="UnicodeLittle"/>
    <property name="java.class.version" value="61.0"/>
    <property name="LOGGED_APPLICATION_NAME" value="[http-request-base] "/>
  </properties>
  <testcase name="contextLoads" classname="com.sk.skala.http_request_base.HttpRequestBaseApplicationTests" time="0.676">
    <system-out><![CDATA[15:36:52.994 [main] INFO org.springframework.test.context.support.AnnotationConfigContextLoaderUtils -- Could not detect default configuration classes for test class [com.sk.skala.http_request_base.HttpRequestBaseApplicationTests]: HttpRequestBaseApplicationTests does not declare any static, non-private, non-final, nested classes annotated with @Configuration.
15:36:53.098 [main] INFO org.springframework.boot.test.context.SpringBootTestContextBootstrapper -- Found @SpringBootConfiguration com.sk.skala.http_request_base.HttpRequestBaseApplication for test class com.sk.skala.http_request_base.HttpRequestBaseApplicationTests

  .   ____          _            __ _ _
 /\\ / ___'_ __ _ _(_)_ __  __ _ \ \ \ \
( ( )\___ | '_ | '_| | '_ \/ _` | \ \ \ \
 \\/  ___)| |_)| | | | | || (_| |  ) ) ) )
  '  |____| .__|_| |_|_| |_\__, | / / / /
 =========|_|==============|___/=/_/_/_/

 :: Spring Boot ::                (v3.4.8)

2025-08-26T15:36:53.636+09:00  INFO 32408 --- [http-request-base] [           main] c.s.s.h.HttpRequestBaseApplicationTests  : Starting HttpRequestBaseApplicationTests using Java 17.0.16 with PID 32408 (started by a in /home/a/skala/backend/java/http-request-base)
2025-08-26T15:36:53.637+09:00  INFO 32408 --- [http-request-base] [           main] c.s.s.h.HttpRequestBaseApplicationTests  : No active profile set, falling back to 1 default profile: "prod"
2025-08-26T15:36:55.074+09:00  INFO 32408 --- [http-request-base] [           main] .s.d.r.c.RepositoryConfigurationDelegate : Bootstrapping Spring Data JPA repositories in DEFAULT mode.
2025-08-26T15:36:55.135+09:00  INFO 32408 --- [http-request-base] [           main] .s.d.r.c.RepositoryConfigurationDelegate : Finished Spring Data repository scanning in 45 ms. Found 0 JPA repository interfaces.
2025-08-26T15:36:55.873+09:00  INFO 32408 --- [http-request-base] [           main] o.hibernate.jpa.internal.util.LogHelper  : HHH000204: Processing PersistenceUnitInfo [name: default]
2025-08-26T15:36:55.955+09:00  INFO 32408 --- [http-request-base] [           main] org.hibernate.Version                    : HHH000412: Hibernate ORM core version 6.6.22.Final
2025-08-26T15:36:56.013+09:00  INFO 32408 --- [http-request-base] [           main] o.h.c.internal.RegionFactoryInitiator    : HHH000026: Second-level cache disabled
2025-08-26T15:36:56.390+09:00  INFO 32408 --- [http-request-base] [           main] o.s.o.j.p.SpringPersistenceUnitInfo      : No LoadTimeWeaver setup: ignoring JPA class transformer
2025-08-26T15:36:56.426+09:00  INFO 32408 --- [http-request-base] [           main] com.zaxxer.hikari.HikariDataSource       : HikariPool-1 - Starting...
2025-08-26T15:36:56.647+09:00  INFO 32408 --- [http-request-base] [           main] com.zaxxer.hikari.pool.HikariPool        : HikariPool-1 - Added connection conn0: url=jdbc:h2:mem:testdb user=ADMIN
2025-08-26T15:36:56.649+09:00  INFO 32408 --- [http-request-base] [           main] com.zaxxer.hikari.HikariDataSource       : HikariPool-1 - Start completed.
2025-08-26T15:36:56.684+09:00  WARN 32408 --- [http-request-base] [           main] org.hibernate.orm.deprecation            : HHH90000025: H2Dialect does not need to be specified explicitly using 'hibernate.dialect' (remove the property setting and it will be selected by default)
2025-08-26T15:36:56.712+09:00  INFO 32408 --- [http-request-base] [           main] org.hibernate.orm.connections.pooling    : HHH10001005: Database info:
	Database JDBC URL [Connecting through datasource 'HikariDataSource (HikariPool-1)']
	Database driver: undefined/unknown
	Database version: 2.3.232
	Autocommit mode: undefined/unknown
	Isolation level: undefined/unknown
	Minimum pool size: undefined/unknown
	Maximum pool size: undefined/unknown
2025-08-26T15:36:57.067+09:00  INFO 32408 --- [http-request-base] [           main] o.h.e.t.j.p.i.JtaPlatformInitiator       : HHH000489: No JTA platform available (set 'hibernate.transaction.jta.platform' to enable JTA platform integration)
2025-08-26T15:36:57.074+09:00  INFO 32408 --- [http-request-base] [           main] j.LocalContainerEntityManagerFactoryBean : Initialized JPA EntityManagerFactory for persistence unit 'default'
[LifecycleBean] 생성자 호출됨 (Bean 생성)
[LifecycleBean] @PostConstruct 호출됨 (초기화)
2025-08-26T15:36:57.710+09:00  WARN 32408 --- [http-request-base] [           main] JpaBaseConfiguration$JpaWebConfiguration : spring.jpa.open-in-view is enabled by default. Therefore, database queries may be performed during view rendering. Explicitly configure spring.jpa.open-in-view to disable this warning
2025-08-26T15:36:59.319+09:00  INFO 32408 --- [http-request-base] [           main] o.s.b.a.h2.H2ConsoleAutoConfiguration    : H2 console available at '/h2-console'. Database available at 'jdbc:h2:mem:testdb'
2025-08-26T15:36:59.428+09:00  INFO 32408 --- [http-request-base] [           main] o.s.b.a.e.web.EndpointLinksResolver      : Exposing 14 endpoints beneath base path '/actuator'
2025-08-26T15:36:59.591+09:00  INFO 32408 --- [http-request-base] [           main] c.s.s.h.HttpRequestBaseApplicationTests  : Started HttpRequestBaseApplicationTests in 6.324 seconds (process running for 7.255)
]]></system-out>
  </testcase>
</testsuite>